<?xml version="1.0" encoding="UTF-8"?>
<testng-results skipped="0" failed="0" total="1" passed="1">
  <reporter-output>
  </reporter-output>
  <suite name="Default suite" duration-ms="67195" started-at="2019-10-29T16:55:34Z" finished-at="2019-10-29T16:56:42Z">
    <groups>
      <group name="cucumber">
        <method signature="AbstractTestNGCucumberTests.feature(cucumber.api.testng.CucumberFeatureWrapper)[pri:0, instance:com.runnerclass.TestRunnerClass@21213b92]" name="feature" class="cucumber.api.testng.AbstractTestNGCucumberTests"/>
      </group> <!-- cucumber -->
    </groups>
    <test name="Default test" duration-ms="67195" started-at="2019-10-29T16:55:34Z" finished-at="2019-10-29T16:56:42Z">
      <class name="com.runnerclass.TestRunnerClass">
        <test-method status="PASS" signature="setUpClass()[pri:0, instance:com.runnerclass.TestRunnerClass@21213b92]" name="setUpClass" is-config="true" duration-ms="389" started-at="2019-10-29T22:25:34Z" finished-at="2019-10-29T22:25:35Z">
          <reporter-output>
          </reporter-output>
        </test-method> <!-- setUpClass -->
        <test-method status="PASS" signature="feature(cucumber.api.testng.CucumberFeatureWrapper)[pri:0, instance:com.runnerclass.TestRunnerClass@21213b92]" name="feature" duration-ms="66568" started-at="2019-10-29T22:25:35Z" description="Runs Cucumber Feature" data-provider="features" finished-at="2019-10-29T22:26:41Z">
          <params>
            <param index="0">
              <value>
                <![CDATA[Ability to create a new record by registering to shaadi.com]]>
              </value>
            </param>
          </params>
          <reporter-output>
          </reporter-output>
        </test-method> <!-- feature -->
        <test-method status="PASS" signature="tearDownClass()[pri:0, instance:com.runnerclass.TestRunnerClass@21213b92]" name="tearDownClass" is-config="true" duration-ms="102" started-at="2019-10-29T22:26:41Z" finished-at="2019-10-29T22:26:42Z">
          <reporter-output>
          </reporter-output>
        </test-method> <!-- tearDownClass -->
      </class> <!-- com.runnerclass.TestRunnerClass -->
    </test> <!-- Default test -->
  </suite> <!-- Default suite -->
</testng-results>
